<?xml version="1.0" encoding="UTF-8"?>
<!-- Generated by org.testng.reporters.JUnitXMLReporter -->
<testsuite hostname="Ahammed" ignored="0" name="checkBoxDemo_single" tests="2" failures="0" timestamp="30 Nov 2017 19:13:34 GMT" time="17.982" errors="0">
  <testcase name="checkBoxDemo_singles" time="1.121" classname="checkBoxDemo.TC003_checkBoxDemo_single"/>
  <testcase name="checkBoxDemo_multiBox" time="1.183" classname="checkBoxDemo.TC004_checkBoxDemo_multiBox"/>
</testsuite> <!-- checkBoxDemo_single -->
