<?xml version="1.0" encoding="UTF-8"?>
<!-- Generated by org.testng.reporters.JUnitXMLReporter -->
<testsuite hostname="Ahammed" ignored="0" name="inputFormWithVelidation_Dynamic" tests="10" failures="0" timestamp="30 Nov 2017 19:15:05 GMT" time="48.518" errors="0">
  <testcase name="inputFormWithVelidation_Dynamic" time="4.405" classname="inputFormWithVelidation.TC009_inputFormWithVelidation_Dynamic"/>
  <testcase name="inputFormWithVelidation_Dynamic" time="3.681" classname="inputFormWithVelidation.TC009_inputFormWithVelidation_Dynamic"/>
  <testcase name="inputFormWithVelidation_Dynamic" time="3.333" classname="inputFormWithVelidation.TC009_inputFormWithVelidation_Dynamic"/>
  <testcase name="inputFormWithVelidation_Dynamic" time="3.809" classname="inputFormWithVelidation.TC009_inputFormWithVelidation_Dynamic"/>
  <testcase name="inputFormWithVelidation_Dynamic" time="3.713" classname="inputFormWithVelidation.TC009_inputFormWithVelidation_Dynamic"/>
  <testcase name="inputFormWithVelidation_Dynamic" time="3.304" classname="inputFormWithVelidation.TC009_inputFormWithVelidation_Dynamic"/>
  <testcase name="inputFormWithVelidation_Dynamic" time="3.978" classname="inputFormWithVelidation.TC009_inputFormWithVelidation_Dynamic"/>
  <testcase name="inputFormWithVelidation_Dynamic" time="3.323" classname="inputFormWithVelidation.TC009_inputFormWithVelidation_Dynamic"/>
  <testcase name="inputFormWithVelidation_Dynamic" time="3.824" classname="inputFormWithVelidation.TC009_inputFormWithVelidation_Dynamic"/>
  <testcase name="inputFormWithVelidation_Dynamic" time="3.781" classname="inputFormWithVelidation.TC009_inputFormWithVelidation_Dynamic"/>
</testsuite> <!-- inputFormWithVelidation_Dynamic -->
