<?xml version="1.0" encoding="UTF-8"?>
<!-- Generated by org.testng.reporters.JUnitXMLReporter -->
<testsuite hostname="Ahammed" ignored="0" name="SimpleFormDemo_SingleInput" tests="2" failures="0" timestamp="30 Nov 2017 19:13:16 GMT" time="23.502" errors="0">
  <testcase name="SimpleFormDemo" time="1.69" classname="simpleFormDemo.TC001_SimpleFormDemo_SingleInput"/>
  <testcase name="methodName" time="1.034" classname="simpleFormDemo.TC002_simpleFormDemo_DoubleInput"/>
</testsuite> <!-- SimpleFormDemo_SingleInput -->
