<?xml version="1.0" encoding="UTF-8"?>
<testng-results skipped="0" failed="1" ignored="0" total="18" passed="17">
  <reporter-output>
    <line>
      <![CDATA[<a href='C:\Users\Ahammed Sorif\git\seleniumEasy.getHub\test.seleniumEasy.gitHub\ScreenShot\SimpleFormDemo 11-30-2017_02-13-06 .png'><img src='C:\Users\Ahammed Sorif\git\seleniumEasy.getHub\test.seleniumEasy.gitHub\ScreenShot\SimpleFormDemo 11-30-2017_02-13-06 .png' height='100' width='100'/></a>]]>
    </line>
    <line>
      <![CDATA[<a href='C:\Users\Ahammed Sorif\git\seleniumEasy.getHub\test.seleniumEasy.gitHub\ScreenShot\methodName 11-30-2017_02-13-16 .png'><img src='C:\Users\Ahammed Sorif\git\seleniumEasy.getHub\test.seleniumEasy.gitHub\ScreenShot\methodName 11-30-2017_02-13-16 .png' height='100' width='100'/></a>]]>
    </line>
    <line>
      <![CDATA[<a href='C:\Users\Ahammed Sorif\git\seleniumEasy.getHub\test.seleniumEasy.gitHub\ScreenShot\checkBoxDemo_singles 11-30-2017_02-13-25 .png'><img src='C:\Users\Ahammed Sorif\git\seleniumEasy.getHub\test.seleniumEasy.gitHub\ScreenShot\checkBoxDemo_singles 11-30-2017_02-13-25 .png' height='100' width='100'/></a>]]>
    </line>
    <line>
      <![CDATA[<a href='C:\Users\Ahammed Sorif\git\seleniumEasy.getHub\test.seleniumEasy.gitHub\ScreenShot\checkBoxDemo_multiBox 11-30-2017_02-13-34 .png'><img src='C:\Users\Ahammed Sorif\git\seleniumEasy.getHub\test.seleniumEasy.gitHub\ScreenShot\checkBoxDemo_multiBox 11-30-2017_02-13-34 .png' height='100' width='100'/></a>]]>
    </line>
    <line>
      <![CDATA[<a href='C:\Users\Ahammed Sorif\git\seleniumEasy.getHub\test.seleniumEasy.gitHub\ScreenShot\radioButtonDemo 11-30-2017_02-13-42 .png'><img src='C:\Users\Ahammed Sorif\git\seleniumEasy.getHub\test.seleniumEasy.gitHub\ScreenShot\radioButtonDemo 11-30-2017_02-13-42 .png' height='100' width='100'/></a>]]>
    </line>
    <line>
      <![CDATA[<a href='C:\Users\Ahammed Sorif\git\seleniumEasy.getHub\test.seleniumEasy.gitHub\ScreenShot\radioButtonDemo 11-30-2017_02-13-53 .png'><img src='C:\Users\Ahammed Sorif\git\seleniumEasy.getHub\test.seleniumEasy.gitHub\ScreenShot\radioButtonDemo 11-30-2017_02-13-53 .png' height='100' width='100'/></a>]]>
    </line>
    <line>
      <![CDATA[<a href='C:\Users\Ahammed Sorif\git\seleniumEasy.getHub\test.seleniumEasy.gitHub\ScreenShot\selectDropDownListFirstManu 11-30-2017_02-14-02 .png'><img src='C:\Users\Ahammed Sorif\git\seleniumEasy.getHub\test.seleniumEasy.gitHub\ScreenShot\selectDropDownListFirstManu 11-30-2017_02-14-02 .png' height='100' width='100'/></a>]]>
    </line>
    <line>
      <![CDATA[<a href='C:\Users\Ahammed Sorif\git\seleniumEasy.getHub\test.seleniumEasy.gitHub\ScreenShot\inputFormWithVelidation 11-30-2017_02-14-14 .png'><img src='C:\Users\Ahammed Sorif\git\seleniumEasy.getHub\test.seleniumEasy.gitHub\ScreenShot\inputFormWithVelidation 11-30-2017_02-14-14 .png' height='100' width='100'/></a>]]>
    </line>
    <line>
      <![CDATA[<a href='C:\Users\Ahammed Sorif\git\seleniumEasy.getHub\test.seleniumEasy.gitHub\ScreenShot\inputFormWithVelidation_Dynamic 11-30-2017_02-14-29 .png'><img src='C:\Users\Ahammed Sorif\git\seleniumEasy.getHub\test.seleniumEasy.gitHub\ScreenShot\inputFormWithVelidation_Dynamic 11-30-2017_02-14-29 .png' height='100' width='100'/></a>]]>
    </line>
    <line>
      <![CDATA[<a href='C:\Users\Ahammed Sorif\git\seleniumEasy.getHub\test.seleniumEasy.gitHub\ScreenShot\inputFormWithVelidation_Dynamic 11-30-2017_02-14-33 .png'><img src='C:\Users\Ahammed Sorif\git\seleniumEasy.getHub\test.seleniumEasy.gitHub\ScreenShot\inputFormWithVelidation_Dynamic 11-30-2017_02-14-33 .png' height='100' width='100'/></a>]]>
    </line>
    <line>
      <![CDATA[<a href='C:\Users\Ahammed Sorif\git\seleniumEasy.getHub\test.seleniumEasy.gitHub\ScreenShot\inputFormWithVelidation_Dynamic 11-30-2017_02-14-37 .png'><img src='C:\Users\Ahammed Sorif\git\seleniumEasy.getHub\test.seleniumEasy.gitHub\ScreenShot\inputFormWithVelidation_Dynamic 11-30-2017_02-14-37 .png' height='100' width='100'/></a>]]>
    </line>
    <line>
      <![CDATA[<a href='C:\Users\Ahammed Sorif\git\seleniumEasy.getHub\test.seleniumEasy.gitHub\ScreenShot\inputFormWithVelidation_Dynamic 11-30-2017_02-14-41 .png'><img src='C:\Users\Ahammed Sorif\git\seleniumEasy.getHub\test.seleniumEasy.gitHub\ScreenShot\inputFormWithVelidation_Dynamic 11-30-2017_02-14-41 .png' height='100' width='100'/></a>]]>
    </line>
    <line>
      <![CDATA[<a href='C:\Users\Ahammed Sorif\git\seleniumEasy.getHub\test.seleniumEasy.gitHub\ScreenShot\inputFormWithVelidation_Dynamic 11-30-2017_02-14-45 .png'><img src='C:\Users\Ahammed Sorif\git\seleniumEasy.getHub\test.seleniumEasy.gitHub\ScreenShot\inputFormWithVelidation_Dynamic 11-30-2017_02-14-45 .png' height='100' width='100'/></a>]]>
    </line>
    <line>
      <![CDATA[<a href='C:\Users\Ahammed Sorif\git\seleniumEasy.getHub\test.seleniumEasy.gitHub\ScreenShot\inputFormWithVelidation_Dynamic 11-30-2017_02-14-49 .png'><img src='C:\Users\Ahammed Sorif\git\seleniumEasy.getHub\test.seleniumEasy.gitHub\ScreenShot\inputFormWithVelidation_Dynamic 11-30-2017_02-14-49 .png' height='100' width='100'/></a>]]>
    </line>
    <line>
      <![CDATA[<a href='C:\Users\Ahammed Sorif\git\seleniumEasy.getHub\test.seleniumEasy.gitHub\ScreenShot\inputFormWithVelidation_Dynamic 11-30-2017_02-14-53 .png'><img src='C:\Users\Ahammed Sorif\git\seleniumEasy.getHub\test.seleniumEasy.gitHub\ScreenShot\inputFormWithVelidation_Dynamic 11-30-2017_02-14-53 .png' height='100' width='100'/></a>]]>
    </line>
    <line>
      <![CDATA[<a href='C:\Users\Ahammed Sorif\git\seleniumEasy.getHub\test.seleniumEasy.gitHub\ScreenShot\inputFormWithVelidation_Dynamic 11-30-2017_02-14-57 .png'><img src='C:\Users\Ahammed Sorif\git\seleniumEasy.getHub\test.seleniumEasy.gitHub\ScreenShot\inputFormWithVelidation_Dynamic 11-30-2017_02-14-57 .png' height='100' width='100'/></a>]]>
    </line>
    <line>
      <![CDATA[<a href='C:\Users\Ahammed Sorif\git\seleniumEasy.getHub\test.seleniumEasy.gitHub\ScreenShot\inputFormWithVelidation_Dynamic 11-30-2017_02-15-01 .png'><img src='C:\Users\Ahammed Sorif\git\seleniumEasy.getHub\test.seleniumEasy.gitHub\ScreenShot\inputFormWithVelidation_Dynamic 11-30-2017_02-15-01 .png' height='100' width='100'/></a>]]>
    </line>
    <line>
      <![CDATA[<a href='C:\Users\Ahammed Sorif\git\seleniumEasy.getHub\test.seleniumEasy.gitHub\ScreenShot\inputFormWithVelidation_Dynamic 11-30-2017_02-15-05 .png'><img src='C:\Users\Ahammed Sorif\git\seleniumEasy.getHub\test.seleniumEasy.gitHub\ScreenShot\inputFormWithVelidation_Dynamic 11-30-2017_02-15-05 .png' height='100' width='100'/></a>]]>
    </line>
  </reporter-output>
  <suite name="Selenium Easy" duration-ms="132236" started-at="2017-11-30T19:12:53Z" finished-at="2017-11-30T19:15:05Z">
    <groups>
    </groups>
    <test name="SimpleFormDemo_SingleInput" duration-ms="23502" started-at="2017-11-30T19:12:53Z" finished-at="2017-11-30T19:13:16Z">
      <class name="simpleFormDemo.TC002_simpleFormDemo_DoubleInput">
        <test-method status="PASS" signature="setUp()[pri:0, instance:simpleFormDemo.TC002_simpleFormDemo_DoubleInput@1e88b3c]" name="setUp" is-config="true" duration-ms="7601" started-at="2017-11-30T14:13:07Z" finished-at="2017-11-30T14:13:15Z">
          <reporter-output>
          </reporter-output>
        </test-method> <!-- setUp -->
        <test-method status="PASS" signature="methodName()[pri:0, instance:simpleFormDemo.TC002_simpleFormDemo_DoubleInput@1e88b3c]" name="methodName" duration-ms="1034" started-at="2017-11-30T14:13:15Z" finished-at="2017-11-30T14:13:16Z">
          <reporter-output>
            <line>
              <![CDATA[<a href='C:\Users\Ahammed Sorif\git\seleniumEasy.getHub\test.seleniumEasy.gitHub\ScreenShot\methodName 11-30-2017_02-13-16 .png'><img src='C:\Users\Ahammed Sorif\git\seleniumEasy.getHub\test.seleniumEasy.gitHub\ScreenShot\methodName 11-30-2017_02-13-16 .png' height='100' width='100'/></a>]]>
            </line>
          </reporter-output>
        </test-method> <!-- methodName -->
        <test-method status="PASS" signature="endTest()[pri:0, instance:simpleFormDemo.TC002_simpleFormDemo_DoubleInput@1e88b3c]" name="endTest" is-config="true" duration-ms="124" started-at="2017-11-30T14:13:16Z" finished-at="2017-11-30T14:13:16Z">
          <reporter-output>
          </reporter-output>
        </test-method> <!-- endTest -->
      </class> <!-- simpleFormDemo.TC002_simpleFormDemo_DoubleInput -->
      <class name="simpleFormDemo.TC001_SimpleFormDemo_SingleInput">
        <test-method status="PASS" signature="setUp()[pri:0, instance:simpleFormDemo.TC001_SimpleFormDemo_SingleInput@77caeb3e]" name="setUp" is-config="true" duration-ms="11858" started-at="2017-11-30T14:12:53Z" finished-at="2017-11-30T14:13:05Z">
          <reporter-output>
          </reporter-output>
        </test-method> <!-- setUp -->
        <test-method status="PASS" signature="SimpleFormDemo()[pri:0, instance:simpleFormDemo.TC001_SimpleFormDemo_SingleInput@77caeb3e]" name="SimpleFormDemo" duration-ms="1690" started-at="2017-11-30T14:13:05Z" finished-at="2017-11-30T14:13:06Z">
          <reporter-output>
            <line>
              <![CDATA[<a href='C:\Users\Ahammed Sorif\git\seleniumEasy.getHub\test.seleniumEasy.gitHub\ScreenShot\SimpleFormDemo 11-30-2017_02-13-06 .png'><img src='C:\Users\Ahammed Sorif\git\seleniumEasy.getHub\test.seleniumEasy.gitHub\ScreenShot\SimpleFormDemo 11-30-2017_02-13-06 .png' height='100' width='100'/></a>]]>
            </line>
          </reporter-output>
        </test-method> <!-- SimpleFormDemo -->
        <test-method status="PASS" signature="endTest()[pri:0, instance:simpleFormDemo.TC001_SimpleFormDemo_SingleInput@77caeb3e]" name="endTest" is-config="true" duration-ms="312" started-at="2017-11-30T14:13:07Z" finished-at="2017-11-30T14:13:07Z">
          <reporter-output>
          </reporter-output>
        </test-method> <!-- endTest -->
      </class> <!-- simpleFormDemo.TC001_SimpleFormDemo_SingleInput -->
    </test> <!-- SimpleFormDemo_SingleInput -->
    <test name="checkBoxDemo_single" duration-ms="17982" started-at="2017-11-30T19:13:16Z" finished-at="2017-11-30T19:13:34Z">
      <class name="checkBoxDemo.TC004_checkBoxDemo_multiBox">
        <test-method status="PASS" signature="setUp()[pri:0, instance:checkBoxDemo.TC004_checkBoxDemo_multiBox@239963d8]" name="setUp" is-config="true" duration-ms="7577" started-at="2017-11-30T14:13:25Z" finished-at="2017-11-30T14:13:33Z">
          <reporter-output>
          </reporter-output>
        </test-method> <!-- setUp -->
        <test-method status="PASS" signature="checkBoxDemo_multiBox()[pri:0, instance:checkBoxDemo.TC004_checkBoxDemo_multiBox@239963d8]" name="checkBoxDemo_multiBox" duration-ms="1183" started-at="2017-11-30T14:13:33Z" finished-at="2017-11-30T14:13:34Z">
          <reporter-output>
            <line>
              <![CDATA[<a href='C:\Users\Ahammed Sorif\git\seleniumEasy.getHub\test.seleniumEasy.gitHub\ScreenShot\checkBoxDemo_multiBox 11-30-2017_02-13-34 .png'><img src='C:\Users\Ahammed Sorif\git\seleniumEasy.getHub\test.seleniumEasy.gitHub\ScreenShot\checkBoxDemo_multiBox 11-30-2017_02-13-34 .png' height='100' width='100'/></a>]]>
            </line>
          </reporter-output>
        </test-method> <!-- checkBoxDemo_multiBox -->
        <test-method status="PASS" signature="endTest()[pri:0, instance:checkBoxDemo.TC004_checkBoxDemo_multiBox@239963d8]" name="endTest" is-config="true" duration-ms="48" started-at="2017-11-30T14:13:34Z" finished-at="2017-11-30T14:13:34Z">
          <reporter-output>
          </reporter-output>
        </test-method> <!-- endTest -->
      </class> <!-- checkBoxDemo.TC004_checkBoxDemo_multiBox -->
      <class name="checkBoxDemo.TC003_checkBoxDemo_single">
        <test-method status="PASS" signature="setUp()[pri:0, instance:checkBoxDemo.TC003_checkBoxDemo_single@13deb50e]" name="setUp" is-config="true" duration-ms="7403" started-at="2017-11-30T14:13:17Z" finished-at="2017-11-30T14:13:24Z">
          <reporter-output>
          </reporter-output>
        </test-method> <!-- setUp -->
        <test-method status="PASS" signature="checkBoxDemo_singles()[pri:0, instance:checkBoxDemo.TC003_checkBoxDemo_single@13deb50e]" name="checkBoxDemo_singles" duration-ms="1121" started-at="2017-11-30T14:13:24Z" finished-at="2017-11-30T14:13:25Z">
          <reporter-output>
            <line>
              <![CDATA[<a href='C:\Users\Ahammed Sorif\git\seleniumEasy.getHub\test.seleniumEasy.gitHub\ScreenShot\checkBoxDemo_singles 11-30-2017_02-13-25 .png'><img src='C:\Users\Ahammed Sorif\git\seleniumEasy.getHub\test.seleniumEasy.gitHub\ScreenShot\checkBoxDemo_singles 11-30-2017_02-13-25 .png' height='100' width='100'/></a>]]>
            </line>
          </reporter-output>
        </test-method> <!-- checkBoxDemo_singles -->
        <test-method status="PASS" signature="endTest()[pri:0, instance:checkBoxDemo.TC003_checkBoxDemo_single@13deb50e]" name="endTest" is-config="true" duration-ms="44" started-at="2017-11-30T14:13:25Z" finished-at="2017-11-30T14:13:25Z">
          <reporter-output>
          </reporter-output>
        </test-method> <!-- endTest -->
      </class> <!-- checkBoxDemo.TC003_checkBoxDemo_single -->
    </test> <!-- checkBoxDemo_single -->
    <test name="radioButtonDemo" duration-ms="18442" started-at="2017-11-30T19:13:34Z" finished-at="2017-11-30T19:13:53Z">
      <class name="radioButtonDemo.TC006_radioButtonDemo">
        <test-method status="PASS" signature="setUp()[pri:0, instance:radioButtonDemo.TC006_radioButtonDemo@271053e1]" name="setUp" is-config="true" duration-ms="8927" started-at="2017-11-30T14:13:43Z" finished-at="2017-11-30T14:13:52Z">
          <reporter-output>
          </reporter-output>
        </test-method> <!-- setUp -->
        <test-method status="FAIL" signature="radioButtonDemo()[pri:0, instance:radioButtonDemo.TC006_radioButtonDemo@271053e1]" name="radioButtonDemo" duration-ms="877" started-at="2017-11-30T14:13:52Z" finished-at="2017-11-30T14:13:53Z">
          <exception class="junit.framework.AssertionFailedError">
            <message>
              <![CDATA[expected:<false> but was:<true>]]>
            </message>
            <full-stacktrace>
              <![CDATA[junit.framework.AssertionFailedError: expected:<false> but was:<true>
	at junit.framework.Assert.fail(Assert.java:50)
	at junit.framework.Assert.failNotEquals(Assert.java:287)
	at junit.framework.Assert.assertEquals(Assert.java:67)
	at junit.framework.Assert.assertEquals(Assert.java:147)
	at junit.framework.Assert.assertEquals(Assert.java:153)
	at radioButtonDemo.radioButtonDemo_multiButton.verifyDispaly(radioButtonDemo_multiButton.java:45)
	at radioButtonDemo.radioButtonDemo_multiButton.radioButtonFinal(radioButtonDemo_multiButton.java:55)
	at radioButtonDemo.TC006_radioButtonDemo.radioButtonDemo(TC006_radioButtonDemo.java:20)
	at sun.reflect.NativeMethodAccessorImpl.invoke0(Native Method)
	at sun.reflect.NativeMethodAccessorImpl.invoke(NativeMethodAccessorImpl.java:62)
	at sun.reflect.DelegatingMethodAccessorImpl.invoke(DelegatingMethodAccessorImpl.java:43)
	at java.lang.reflect.Method.invoke(Method.java:498)
	at org.testng.internal.MethodInvocationHelper.invokeMethod(MethodInvocationHelper.java:108)
	at org.testng.internal.Invoker.invokeMethod(Invoker.java:669)
	at org.testng.internal.Invoker.invokeTestMethod(Invoker.java:877)
	at org.testng.internal.Invoker.invokeTestMethods(Invoker.java:1201)
	at org.testng.internal.TestMethodWorker.invokeTestMethods(TestMethodWorker.java:125)
	at org.testng.internal.TestMethodWorker.run(TestMethodWorker.java:109)
	at org.testng.TestRunner.privateRun(TestRunner.java:776)
	at org.testng.TestRunner.run(TestRunner.java:634)
	at org.testng.SuiteRunner.runTest(SuiteRunner.java:425)
	at org.testng.SuiteRunner.runSequentially(SuiteRunner.java:420)
	at org.testng.SuiteRunner.privateRun(SuiteRunner.java:385)
	at org.testng.SuiteRunner.run(SuiteRunner.java:334)
	at org.testng.SuiteRunnerWorker.runSuite(SuiteRunnerWorker.java:52)
	at org.testng.SuiteRunnerWorker.run(SuiteRunnerWorker.java:86)
	at org.testng.TestNG.runSuitesSequentially(TestNG.java:1318)
	at org.testng.TestNG.runSuitesLocally(TestNG.java:1243)
	at org.testng.TestNG.runSuites(TestNG.java:1161)
	at org.testng.TestNG.run(TestNG.java:1129)
	at org.testng.remote.AbstractRemoteTestNG.run(AbstractRemoteTestNG.java:114)
	at org.testng.remote.RemoteTestNG.initAndRun(RemoteTestNG.java:251)
	at org.testng.remote.RemoteTestNG.main(RemoteTestNG.java:77)
]]>
            </full-stacktrace>
          </exception> <!-- junit.framework.AssertionFailedError -->
          <reporter-output>
            <line>
              <![CDATA[<a href='C:\Users\Ahammed Sorif\git\seleniumEasy.getHub\test.seleniumEasy.gitHub\ScreenShot\radioButtonDemo 11-30-2017_02-13-53 .png'><img src='C:\Users\Ahammed Sorif\git\seleniumEasy.getHub\test.seleniumEasy.gitHub\ScreenShot\radioButtonDemo 11-30-2017_02-13-53 .png' height='100' width='100'/></a>]]>
            </line>
          </reporter-output>
        </test-method> <!-- radioButtonDemo -->
        <test-method status="PASS" signature="endTest()[pri:0, instance:radioButtonDemo.TC006_radioButtonDemo@271053e1]" name="endTest" is-config="true" duration-ms="64" started-at="2017-11-30T14:13:53Z" finished-at="2017-11-30T14:13:53Z">
          <reporter-output>
          </reporter-output>
        </test-method> <!-- endTest -->
      </class> <!-- radioButtonDemo.TC006_radioButtonDemo -->
      <class name="radioButtonDemo.TC005_radioButtonDemo">
        <test-method status="PASS" signature="setUp()[pri:0, instance:radioButtonDemo.TC005_radioButtonDemo@4f7d0008]" name="setUp" is-config="true" duration-ms="6947" started-at="2017-11-30T14:13:34Z" finished-at="2017-11-30T14:13:41Z">
          <reporter-output>
          </reporter-output>
        </test-method> <!-- setUp -->
        <test-method status="PASS" signature="radioButtonDemo()[pri:0, instance:radioButtonDemo.TC005_radioButtonDemo@4f7d0008]" name="radioButtonDemo" duration-ms="927" started-at="2017-11-30T14:13:41Z" finished-at="2017-11-30T14:13:42Z">
          <reporter-output>
            <line>
              <![CDATA[<a href='C:\Users\Ahammed Sorif\git\seleniumEasy.getHub\test.seleniumEasy.gitHub\ScreenShot\radioButtonDemo 11-30-2017_02-13-42 .png'><img src='C:\Users\Ahammed Sorif\git\seleniumEasy.getHub\test.seleniumEasy.gitHub\ScreenShot\radioButtonDemo 11-30-2017_02-13-42 .png' height='100' width='100'/></a>]]>
            </line>
          </reporter-output>
        </test-method> <!-- radioButtonDemo -->
        <test-method status="PASS" signature="endTest()[pri:0, instance:radioButtonDemo.TC005_radioButtonDemo@4f7d0008]" name="endTest" is-config="true" duration-ms="50" started-at="2017-11-30T14:13:43Z" finished-at="2017-11-30T14:13:43Z">
          <reporter-output>
          </reporter-output>
        </test-method> <!-- endTest -->
      </class> <!-- radioButtonDemo.TC005_radioButtonDemo -->
    </test> <!-- radioButtonDemo -->
    <test name="selectDropDownListFirstManu" duration-ms="9227" started-at="2017-11-30T19:13:53Z" finished-at="2017-11-30T19:14:02Z">
      <class name="selectDropDownList.TC007_selectDropDownListFirstManu">
        <test-method status="PASS" signature="setUp()[pri:0, instance:selectDropDownList.TC007_selectDropDownListFirstManu@3fee9989]" name="setUp" is-config="true" duration-ms="7397" started-at="2017-11-30T14:13:53Z" finished-at="2017-11-30T14:14:00Z">
          <reporter-output>
          </reporter-output>
        </test-method> <!-- setUp -->
        <test-method status="PASS" signature="selectDropDownListFirstManu()[pri:0, instance:selectDropDownList.TC007_selectDropDownListFirstManu@3fee9989]" name="selectDropDownListFirstManu" duration-ms="1451" started-at="2017-11-30T14:14:00Z" finished-at="2017-11-30T14:14:02Z">
          <reporter-output>
            <line>
              <![CDATA[<a href='C:\Users\Ahammed Sorif\git\seleniumEasy.getHub\test.seleniumEasy.gitHub\ScreenShot\selectDropDownListFirstManu 11-30-2017_02-14-02 .png'><img src='C:\Users\Ahammed Sorif\git\seleniumEasy.getHub\test.seleniumEasy.gitHub\ScreenShot\selectDropDownListFirstManu 11-30-2017_02-14-02 .png' height='100' width='100'/></a>]]>
            </line>
          </reporter-output>
        </test-method> <!-- selectDropDownListFirstManu -->
        <test-method status="PASS" signature="endTest()[pri:0, instance:selectDropDownList.TC007_selectDropDownListFirstManu@3fee9989]" name="endTest" is-config="true" duration-ms="73" started-at="2017-11-30T14:14:02Z" finished-at="2017-11-30T14:14:02Z">
          <reporter-output>
          </reporter-output>
        </test-method> <!-- endTest -->
      </class> <!-- selectDropDownList.TC007_selectDropDownListFirstManu -->
    </test> <!-- selectDropDownListFirstManu -->
    <test name="inputFromWithVelidation" duration-ms="14432" started-at="2017-11-30T19:14:02Z" finished-at="2017-11-30T19:14:17Z">
      <class name="inputFormWithVelidation.TC008_inputFormWithVelidation">
        <test-method status="PASS" signature="setUp()[pri:0, instance:inputFormWithVelidation.TC008_inputFormWithVelidation@1e397ed7]" name="setUp" is-config="true" duration-ms="8005" started-at="2017-11-30T14:14:02Z" finished-at="2017-11-30T14:14:10Z">
          <reporter-output>
          </reporter-output>
        </test-method> <!-- setUp -->
        <test-method status="PASS" signature="inputFormWithVelidation()[pri:0, instance:inputFormWithVelidation.TC008_inputFormWithVelidation@1e397ed7]" name="inputFormWithVelidation" duration-ms="3929" started-at="2017-11-30T14:14:10Z" finished-at="2017-11-30T14:14:14Z">
          <reporter-output>
            <line>
              <![CDATA[<a href='C:\Users\Ahammed Sorif\git\seleniumEasy.getHub\test.seleniumEasy.gitHub\ScreenShot\inputFormWithVelidation 11-30-2017_02-14-14 .png'><img src='C:\Users\Ahammed Sorif\git\seleniumEasy.getHub\test.seleniumEasy.gitHub\ScreenShot\inputFormWithVelidation 11-30-2017_02-14-14 .png' height='100' width='100'/></a>]]>
            </line>
          </reporter-output>
        </test-method> <!-- inputFormWithVelidation -->
        <test-method status="PASS" signature="endTest()[pri:0, instance:inputFormWithVelidation.TC008_inputFormWithVelidation@1e397ed7]" name="endTest" is-config="true" duration-ms="2165" started-at="2017-11-30T14:14:14Z" finished-at="2017-11-30T14:14:17Z">
          <reporter-output>
          </reporter-output>
        </test-method> <!-- endTest -->
      </class> <!-- inputFormWithVelidation.TC008_inputFormWithVelidation -->
    </test> <!-- inputFromWithVelidation -->
    <test name="inputFormWithVelidation_Dynamic" duration-ms="48518" started-at="2017-11-30T19:14:17Z" finished-at="2017-11-30T19:15:05Z">
      <class name="inputFormWithVelidation.TC009_inputFormWithVelidation_Dynamic">
        <test-method status="PASS" signature="setUp()[pri:0, instance:inputFormWithVelidation.TC009_inputFormWithVelidation_Dynamic@4566e5bd]" name="setUp" is-config="true" duration-ms="7489" started-at="2017-11-30T14:14:17Z" finished-at="2017-11-30T14:14:24Z">
          <reporter-output>
          </reporter-output>
        </test-method> <!-- setUp -->
        <test-method status="PASS" signature="inputFormWithVelidation_Dynamic(java.lang.String, java.lang.String, java.lang.String, java.lang.String, java.lang.String, java.lang.String, java.lang.String, java.lang.String, java.lang.String, java.lang.String)[pri:0, instance:inputFormWithVelidation.TC009_inputFormWithVelidation_Dynamic@4566e5bd]" name="inputFormWithVelidation_Dynamic" duration-ms="4405" started-at="2017-11-30T14:14:25Z" data-provider="data" finished-at="2017-11-30T14:14:29Z">
          <params>
            <param index="0">
              <value>
                <![CDATA[FirstName 1]]>
              </value>
            </param>
            <param index="1">
              <value>
                <![CDATA[LastName 1]]>
              </value>
            </param>
            <param index="2">
              <value>
                <![CDATA[FNamLNam01@Gmail.com]]>
              </value>
            </param>
            <param index="3">
              <value>
                <![CDATA[347-844-9074]]>
              </value>
            </param>
            <param index="4">
              <value>
                <![CDATA[89 MetOval]]>
              </value>
            </param>
            <param index="5">
              <value>
                <![CDATA[Bronx1]]>
              </value>
            </param>
            <param index="6">
              <value>
                <![CDATA[Alabama]]>
              </value>
            </param>
            <param index="7">
              <value>
                <![CDATA[10462]]>
              </value>
            </param>
            <param index="8">
              <value>
                <![CDATA[ahammedsorif01.com]]>
              </value>
            </param>
            <param index="9">
              <value>
                <![CDATA[Hello World my name is FirtName 1 and LastName 1 how are you doing call me any time .Thank you]]>
              </value>
            </param>
          </params>
          <reporter-output>
            <line>
              <![CDATA[<a href='C:\Users\Ahammed Sorif\git\seleniumEasy.getHub\test.seleniumEasy.gitHub\ScreenShot\inputFormWithVelidation_Dynamic 11-30-2017_02-14-29 .png'><img src='C:\Users\Ahammed Sorif\git\seleniumEasy.getHub\test.seleniumEasy.gitHub\ScreenShot\inputFormWithVelidation_Dynamic 11-30-2017_02-14-29 .png' height='100' width='100'/></a>]]>
            </line>
          </reporter-output>
        </test-method> <!-- inputFormWithVelidation_Dynamic -->
        <test-method status="PASS" signature="inputFormWithVelidation_Dynamic(java.lang.String, java.lang.String, java.lang.String, java.lang.String, java.lang.String, java.lang.String, java.lang.String, java.lang.String, java.lang.String, java.lang.String)[pri:0, instance:inputFormWithVelidation.TC009_inputFormWithVelidation_Dynamic@4566e5bd]" name="inputFormWithVelidation_Dynamic" duration-ms="3681" started-at="2017-11-30T14:14:30Z" data-provider="data" finished-at="2017-11-30T14:14:33Z">
          <params>
            <param index="0">
              <value>
                <![CDATA[FirstName 2]]>
              </value>
            </param>
            <param index="1">
              <value>
                <![CDATA[LastName 2]]>
              </value>
            </param>
            <param index="2">
              <value>
                <![CDATA[FNamLNam02@Gmail.com]]>
              </value>
            </param>
            <param index="3">
              <value>
                <![CDATA[347-844-9075]]>
              </value>
            </param>
            <param index="4">
              <value>
                <![CDATA[90 MetOval]]>
              </value>
            </param>
            <param index="5">
              <value>
                <![CDATA[Bronx2]]>
              </value>
            </param>
            <param index="6">
              <value>
                <![CDATA[Alaska]]>
              </value>
            </param>
            <param index="7">
              <value>
                <![CDATA[10462]]>
              </value>
            </param>
            <param index="8">
              <value>
                <![CDATA[ahammedsorif02.com]]>
              </value>
            </param>
            <param index="9">
              <value>
                <![CDATA[Hello World my name is FirtName 2 and LastName 2 how are you doing call me any time .Thank you]]>
              </value>
            </param>
          </params>
          <reporter-output>
            <line>
              <![CDATA[<a href='C:\Users\Ahammed Sorif\git\seleniumEasy.getHub\test.seleniumEasy.gitHub\ScreenShot\inputFormWithVelidation_Dynamic 11-30-2017_02-14-33 .png'><img src='C:\Users\Ahammed Sorif\git\seleniumEasy.getHub\test.seleniumEasy.gitHub\ScreenShot\inputFormWithVelidation_Dynamic 11-30-2017_02-14-33 .png' height='100' width='100'/></a>]]>
            </line>
          </reporter-output>
        </test-method> <!-- inputFormWithVelidation_Dynamic -->
        <test-method status="PASS" signature="inputFormWithVelidation_Dynamic(java.lang.String, java.lang.String, java.lang.String, java.lang.String, java.lang.String, java.lang.String, java.lang.String, java.lang.String, java.lang.String, java.lang.String)[pri:0, instance:inputFormWithVelidation.TC009_inputFormWithVelidation_Dynamic@4566e5bd]" name="inputFormWithVelidation_Dynamic" duration-ms="3333" started-at="2017-11-30T14:14:34Z" data-provider="data" finished-at="2017-11-30T14:14:37Z">
          <params>
            <param index="0">
              <value>
                <![CDATA[FirstName 3]]>
              </value>
            </param>
            <param index="1">
              <value>
                <![CDATA[LastName 3]]>
              </value>
            </param>
            <param index="2">
              <value>
                <![CDATA[FNamLNam03@Gmail.com]]>
              </value>
            </param>
            <param index="3">
              <value>
                <![CDATA[347-844-9076]]>
              </value>
            </param>
            <param index="4">
              <value>
                <![CDATA[91 MetOval]]>
              </value>
            </param>
            <param index="5">
              <value>
                <![CDATA[Bronx3]]>
              </value>
            </param>
            <param index="6">
              <value>
                <![CDATA[Arizona]]>
              </value>
            </param>
            <param index="7">
              <value>
                <![CDATA[10462]]>
              </value>
            </param>
            <param index="8">
              <value>
                <![CDATA[ahammedsorif03.com]]>
              </value>
            </param>
            <param index="9">
              <value>
                <![CDATA[Hello World my name is FirtName 3 and LastName 3 how are you doing call me any time .Thank you]]>
              </value>
            </param>
          </params>
          <reporter-output>
            <line>
              <![CDATA[<a href='C:\Users\Ahammed Sorif\git\seleniumEasy.getHub\test.seleniumEasy.gitHub\ScreenShot\inputFormWithVelidation_Dynamic 11-30-2017_02-14-37 .png'><img src='C:\Users\Ahammed Sorif\git\seleniumEasy.getHub\test.seleniumEasy.gitHub\ScreenShot\inputFormWithVelidation_Dynamic 11-30-2017_02-14-37 .png' height='100' width='100'/></a>]]>
            </line>
          </reporter-output>
        </test-method> <!-- inputFormWithVelidation_Dynamic -->
        <test-method status="PASS" signature="inputFormWithVelidation_Dynamic(java.lang.String, java.lang.String, java.lang.String, java.lang.String, java.lang.String, java.lang.String, java.lang.String, java.lang.String, java.lang.String, java.lang.String)[pri:0, instance:inputFormWithVelidation.TC009_inputFormWithVelidation_Dynamic@4566e5bd]" name="inputFormWithVelidation_Dynamic" duration-ms="3809" started-at="2017-11-30T14:14:37Z" data-provider="data" finished-at="2017-11-30T14:14:41Z">
          <params>
            <param index="0">
              <value>
                <![CDATA[FirstName 4]]>
              </value>
            </param>
            <param index="1">
              <value>
                <![CDATA[LastName 4]]>
              </value>
            </param>
            <param index="2">
              <value>
                <![CDATA[FNamLNam04@Gmail.com]]>
              </value>
            </param>
            <param index="3">
              <value>
                <![CDATA[347-844-9077]]>
              </value>
            </param>
            <param index="4">
              <value>
                <![CDATA[92 MetOval]]>
              </value>
            </param>
            <param index="5">
              <value>
                <![CDATA[Bronx4]]>
              </value>
            </param>
            <param index="6">
              <value>
                <![CDATA[District of Columbia]]>
              </value>
            </param>
            <param index="7">
              <value>
                <![CDATA[10462]]>
              </value>
            </param>
            <param index="8">
              <value>
                <![CDATA[ahammedsorif04.com]]>
              </value>
            </param>
            <param index="9">
              <value>
                <![CDATA[Hello World my name is FirtName 4 and LastName 4 how are you doing call me any time .Thank you]]>
              </value>
            </param>
          </params>
          <reporter-output>
            <line>
              <![CDATA[<a href='C:\Users\Ahammed Sorif\git\seleniumEasy.getHub\test.seleniumEasy.gitHub\ScreenShot\inputFormWithVelidation_Dynamic 11-30-2017_02-14-41 .png'><img src='C:\Users\Ahammed Sorif\git\seleniumEasy.getHub\test.seleniumEasy.gitHub\ScreenShot\inputFormWithVelidation_Dynamic 11-30-2017_02-14-41 .png' height='100' width='100'/></a>]]>
            </line>
          </reporter-output>
        </test-method> <!-- inputFormWithVelidation_Dynamic -->
        <test-method status="PASS" signature="inputFormWithVelidation_Dynamic(java.lang.String, java.lang.String, java.lang.String, java.lang.String, java.lang.String, java.lang.String, java.lang.String, java.lang.String, java.lang.String, java.lang.String)[pri:0, instance:inputFormWithVelidation.TC009_inputFormWithVelidation_Dynamic@4566e5bd]" name="inputFormWithVelidation_Dynamic" duration-ms="3713" started-at="2017-11-30T14:14:41Z" data-provider="data" finished-at="2017-11-30T14:14:45Z">
          <params>
            <param index="0">
              <value>
                <![CDATA[FirstName 5]]>
              </value>
            </param>
            <param index="1">
              <value>
                <![CDATA[LastName 5]]>
              </value>
            </param>
            <param index="2">
              <value>
                <![CDATA[FNamLNam05@Gmail.com]]>
              </value>
            </param>
            <param index="3">
              <value>
                <![CDATA[347-844-9078]]>
              </value>
            </param>
            <param index="4">
              <value>
                <![CDATA[93 MetOval]]>
              </value>
            </param>
            <param index="5">
              <value>
                <![CDATA[Bronx5]]>
              </value>
            </param>
            <param index="6">
              <value>
                <![CDATA[Florida]]>
              </value>
            </param>
            <param index="7">
              <value>
                <![CDATA[10462]]>
              </value>
            </param>
            <param index="8">
              <value>
                <![CDATA[ahammedsorif05.com]]>
              </value>
            </param>
            <param index="9">
              <value>
                <![CDATA[Hello World my name is FirtName 5 and LastName 5 how are you doing call me any time .Thank you]]>
              </value>
            </param>
          </params>
          <reporter-output>
            <line>
              <![CDATA[<a href='C:\Users\Ahammed Sorif\git\seleniumEasy.getHub\test.seleniumEasy.gitHub\ScreenShot\inputFormWithVelidation_Dynamic 11-30-2017_02-14-45 .png'><img src='C:\Users\Ahammed Sorif\git\seleniumEasy.getHub\test.seleniumEasy.gitHub\ScreenShot\inputFormWithVelidation_Dynamic 11-30-2017_02-14-45 .png' height='100' width='100'/></a>]]>
            </line>
          </reporter-output>
        </test-method> <!-- inputFormWithVelidation_Dynamic -->
        <test-method status="PASS" signature="inputFormWithVelidation_Dynamic(java.lang.String, java.lang.String, java.lang.String, java.lang.String, java.lang.String, java.lang.String, java.lang.String, java.lang.String, java.lang.String, java.lang.String)[pri:0, instance:inputFormWithVelidation.TC009_inputFormWithVelidation_Dynamic@4566e5bd]" name="inputFormWithVelidation_Dynamic" duration-ms="3304" started-at="2017-11-30T14:14:45Z" data-provider="data" finished-at="2017-11-30T14:14:49Z">
          <params>
            <param index="0">
              <value>
                <![CDATA[FirstName 6]]>
              </value>
            </param>
            <param index="1">
              <value>
                <![CDATA[LastName 6]]>
              </value>
            </param>
            <param index="2">
              <value>
                <![CDATA[FNamLNam06@Gmail.com]]>
              </value>
            </param>
            <param index="3">
              <value>
                <![CDATA[347-844-9079]]>
              </value>
            </param>
            <param index="4">
              <value>
                <![CDATA[94 MetOval]]>
              </value>
            </param>
            <param index="5">
              <value>
                <![CDATA[Bronx6]]>
              </value>
            </param>
            <param index="6">
              <value>
                <![CDATA[Georgia]]>
              </value>
            </param>
            <param index="7">
              <value>
                <![CDATA[10462]]>
              </value>
            </param>
            <param index="8">
              <value>
                <![CDATA[ahammedsorif06.com]]>
              </value>
            </param>
            <param index="9">
              <value>
                <![CDATA[Hello World my name is FirtName 6 and LastName 6 how are you doing call me any time .Thank you]]>
              </value>
            </param>
          </params>
          <reporter-output>
            <line>
              <![CDATA[<a href='C:\Users\Ahammed Sorif\git\seleniumEasy.getHub\test.seleniumEasy.gitHub\ScreenShot\inputFormWithVelidation_Dynamic 11-30-2017_02-14-49 .png'><img src='C:\Users\Ahammed Sorif\git\seleniumEasy.getHub\test.seleniumEasy.gitHub\ScreenShot\inputFormWithVelidation_Dynamic 11-30-2017_02-14-49 .png' height='100' width='100'/></a>]]>
            </line>
          </reporter-output>
        </test-method> <!-- inputFormWithVelidation_Dynamic -->
        <test-method status="PASS" signature="inputFormWithVelidation_Dynamic(java.lang.String, java.lang.String, java.lang.String, java.lang.String, java.lang.String, java.lang.String, java.lang.String, java.lang.String, java.lang.String, java.lang.String)[pri:0, instance:inputFormWithVelidation.TC009_inputFormWithVelidation_Dynamic@4566e5bd]" name="inputFormWithVelidation_Dynamic" duration-ms="3978" started-at="2017-11-30T14:14:49Z" data-provider="data" finished-at="2017-11-30T14:14:53Z">
          <params>
            <param index="0">
              <value>
                <![CDATA[FirstName 7]]>
              </value>
            </param>
            <param index="1">
              <value>
                <![CDATA[LastName 7]]>
              </value>
            </param>
            <param index="2">
              <value>
                <![CDATA[FNamLNam07@Gmail.com]]>
              </value>
            </param>
            <param index="3">
              <value>
                <![CDATA[347-844-9080]]>
              </value>
            </param>
            <param index="4">
              <value>
                <![CDATA[95 MetOval]]>
              </value>
            </param>
            <param index="5">
              <value>
                <![CDATA[Bronx7]]>
              </value>
            </param>
            <param index="6">
              <value>
                <![CDATA[Hawaii]]>
              </value>
            </param>
            <param index="7">
              <value>
                <![CDATA[10462]]>
              </value>
            </param>
            <param index="8">
              <value>
                <![CDATA[ahammedsorif07.com]]>
              </value>
            </param>
            <param index="9">
              <value>
                <![CDATA[Hello World my name is FirtName 7 and LastName 7 how are you doing call me any time .Thank you]]>
              </value>
            </param>
          </params>
          <reporter-output>
            <line>
              <![CDATA[<a href='C:\Users\Ahammed Sorif\git\seleniumEasy.getHub\test.seleniumEasy.gitHub\ScreenShot\inputFormWithVelidation_Dynamic 11-30-2017_02-14-53 .png'><img src='C:\Users\Ahammed Sorif\git\seleniumEasy.getHub\test.seleniumEasy.gitHub\ScreenShot\inputFormWithVelidation_Dynamic 11-30-2017_02-14-53 .png' height='100' width='100'/></a>]]>
            </line>
          </reporter-output>
        </test-method> <!-- inputFormWithVelidation_Dynamic -->
        <test-method status="PASS" signature="inputFormWithVelidation_Dynamic(java.lang.String, java.lang.String, java.lang.String, java.lang.String, java.lang.String, java.lang.String, java.lang.String, java.lang.String, java.lang.String, java.lang.String)[pri:0, instance:inputFormWithVelidation.TC009_inputFormWithVelidation_Dynamic@4566e5bd]" name="inputFormWithVelidation_Dynamic" duration-ms="3323" started-at="2017-11-30T14:14:53Z" data-provider="data" finished-at="2017-11-30T14:14:57Z">
          <params>
            <param index="0">
              <value>
                <![CDATA[FirstName 8]]>
              </value>
            </param>
            <param index="1">
              <value>
                <![CDATA[LastName 8]]>
              </value>
            </param>
            <param index="2">
              <value>
                <![CDATA[FNamLNam08@Gmail.com]]>
              </value>
            </param>
            <param index="3">
              <value>
                <![CDATA[347-844-9081]]>
              </value>
            </param>
            <param index="4">
              <value>
                <![CDATA[96 MetOval]]>
              </value>
            </param>
            <param index="5">
              <value>
                <![CDATA[Bronx8]]>
              </value>
            </param>
            <param index="6">
              <value>
                <![CDATA[Maryland]]>
              </value>
            </param>
            <param index="7">
              <value>
                <![CDATA[10462]]>
              </value>
            </param>
            <param index="8">
              <value>
                <![CDATA[ahammedsorif08.com]]>
              </value>
            </param>
            <param index="9">
              <value>
                <![CDATA[Hello World my name is FirtName 8 and LastName 8 how are you doing call me any time .Thank you]]>
              </value>
            </param>
          </params>
          <reporter-output>
            <line>
              <![CDATA[<a href='C:\Users\Ahammed Sorif\git\seleniumEasy.getHub\test.seleniumEasy.gitHub\ScreenShot\inputFormWithVelidation_Dynamic 11-30-2017_02-14-57 .png'><img src='C:\Users\Ahammed Sorif\git\seleniumEasy.getHub\test.seleniumEasy.gitHub\ScreenShot\inputFormWithVelidation_Dynamic 11-30-2017_02-14-57 .png' height='100' width='100'/></a>]]>
            </line>
          </reporter-output>
        </test-method> <!-- inputFormWithVelidation_Dynamic -->
        <test-method status="PASS" signature="inputFormWithVelidation_Dynamic(java.lang.String, java.lang.String, java.lang.String, java.lang.String, java.lang.String, java.lang.String, java.lang.String, java.lang.String, java.lang.String, java.lang.String)[pri:0, instance:inputFormWithVelidation.TC009_inputFormWithVelidation_Dynamic@4566e5bd]" name="inputFormWithVelidation_Dynamic" duration-ms="3824" started-at="2017-11-30T14:14:57Z" data-provider="data" finished-at="2017-11-30T14:15:01Z">
          <params>
            <param index="0">
              <value>
                <![CDATA[FirstName 9]]>
              </value>
            </param>
            <param index="1">
              <value>
                <![CDATA[LastName 9]]>
              </value>
            </param>
            <param index="2">
              <value>
                <![CDATA[FNamLNam09@Gmail.com]]>
              </value>
            </param>
            <param index="3">
              <value>
                <![CDATA[347-844-9082]]>
              </value>
            </param>
            <param index="4">
              <value>
                <![CDATA[97 MetOval]]>
              </value>
            </param>
            <param index="5">
              <value>
                <![CDATA[Bronx9]]>
              </value>
            </param>
            <param index="6">
              <value>
                <![CDATA[Mass]]>
              </value>
            </param>
            <param index="7">
              <value>
                <![CDATA[10462]]>
              </value>
            </param>
            <param index="8">
              <value>
                <![CDATA[ahammedsorif09.com]]>
              </value>
            </param>
            <param index="9">
              <value>
                <![CDATA[Hello World my name is FirtName 9 and LastName 9 how are you doing call me any time .Thank you]]>
              </value>
            </param>
          </params>
          <reporter-output>
            <line>
              <![CDATA[<a href='C:\Users\Ahammed Sorif\git\seleniumEasy.getHub\test.seleniumEasy.gitHub\ScreenShot\inputFormWithVelidation_Dynamic 11-30-2017_02-15-01 .png'><img src='C:\Users\Ahammed Sorif\git\seleniumEasy.getHub\test.seleniumEasy.gitHub\ScreenShot\inputFormWithVelidation_Dynamic 11-30-2017_02-15-01 .png' height='100' width='100'/></a>]]>
            </line>
          </reporter-output>
        </test-method> <!-- inputFormWithVelidation_Dynamic -->
        <test-method status="PASS" signature="inputFormWithVelidation_Dynamic(java.lang.String, java.lang.String, java.lang.String, java.lang.String, java.lang.String, java.lang.String, java.lang.String, java.lang.String, java.lang.String, java.lang.String)[pri:0, instance:inputFormWithVelidation.TC009_inputFormWithVelidation_Dynamic@4566e5bd]" name="inputFormWithVelidation_Dynamic" duration-ms="3781" started-at="2017-11-30T14:15:01Z" data-provider="data" finished-at="2017-11-30T14:15:05Z">
          <params>
            <param index="0">
              <value>
                <![CDATA[FirstName 10]]>
              </value>
            </param>
            <param index="1">
              <value>
                <![CDATA[LastName 10]]>
              </value>
            </param>
            <param index="2">
              <value>
                <![CDATA[FNamLNam10@Gmail.com]]>
              </value>
            </param>
            <param index="3">
              <value>
                <![CDATA[347-844-9083]]>
              </value>
            </param>
            <param index="4">
              <value>
                <![CDATA[98 MetOval]]>
              </value>
            </param>
            <param index="5">
              <value>
                <![CDATA[Bronx10]]>
              </value>
            </param>
            <param index="6">
              <value>
                <![CDATA[Michigan]]>
              </value>
            </param>
            <param index="7">
              <value>
                <![CDATA[10462]]>
              </value>
            </param>
            <param index="8">
              <value>
                <![CDATA[ahammedsorif10.com]]>
              </value>
            </param>
            <param index="9">
              <value>
                <![CDATA[Hello World my name is FirtName 10 and LastName 10 how are you doing call me any time .Thank you]]>
              </value>
            </param>
          </params>
          <reporter-output>
            <line>
              <![CDATA[<a href='C:\Users\Ahammed Sorif\git\seleniumEasy.getHub\test.seleniumEasy.gitHub\ScreenShot\inputFormWithVelidation_Dynamic 11-30-2017_02-15-05 .png'><img src='C:\Users\Ahammed Sorif\git\seleniumEasy.getHub\test.seleniumEasy.gitHub\ScreenShot\inputFormWithVelidation_Dynamic 11-30-2017_02-15-05 .png' height='100' width='100'/></a>]]>
            </line>
          </reporter-output>
        </test-method> <!-- inputFormWithVelidation_Dynamic -->
        <test-method status="PASS" signature="endTest()[pri:0, instance:inputFormWithVelidation.TC009_inputFormWithVelidation_Dynamic@4566e5bd]" name="endTest" is-config="true" duration-ms="46" started-at="2017-11-30T14:15:05Z" finished-at="2017-11-30T14:15:05Z">
          <reporter-output>
          </reporter-output>
        </test-method> <!-- endTest -->
      </class> <!-- inputFormWithVelidation.TC009_inputFormWithVelidation_Dynamic -->
    </test> <!-- inputFormWithVelidation_Dynamic -->
  </suite> <!-- Selenium Easy -->
</testng-results>
