<?xml version="1.0" encoding="UTF-8"?>
<testng-results skipped="0" failed="0" ignored="0" total="1" passed="1">
  <reporter-output>
  </reporter-output>
  <suite name="Default suite" duration-ms="16083" started-at="2018-01-02T04:49:12Z" finished-at="2018-01-02T04:49:28Z">
    <groups>
    </groups>
    <test name="Default test" duration-ms="16083" started-at="2018-01-02T04:49:12Z" finished-at="2018-01-02T04:49:28Z">
      <class name="bootStrapDatePicker.TC011_DateRangeExample">
        <test-method status="PASS" signature="setUp()[pri:0, instance:bootStrapDatePicker.TC011_DateRangeExample@3e6fa38a]" name="setUp" is-config="true" duration-ms="12136" started-at="2018-01-01T23:49:12Z" finished-at="2018-01-01T23:49:24Z">
          <reporter-output>
          </reporter-output>
        </test-method> <!-- setUp -->
        <test-method status="PASS" signature="methodName()[pri:0, instance:bootStrapDatePicker.TC011_DateRangeExample@3e6fa38a]" name="methodName" duration-ms="3801" started-at="2018-01-01T23:49:24Z" finished-at="2018-01-01T23:49:28Z">
          <reporter-output>
          </reporter-output>
        </test-method> <!-- methodName -->
        <test-method status="PASS" signature="endTest()[pri:0, instance:bootStrapDatePicker.TC011_DateRangeExample@3e6fa38a]" name="endTest" is-config="true" duration-ms="124" started-at="2018-01-01T23:49:28Z" finished-at="2018-01-01T23:49:28Z">
          <reporter-output>
          </reporter-output>
        </test-method> <!-- endTest -->
      </class> <!-- bootStrapDatePicker.TC011_DateRangeExample -->
    </test> <!-- Default test -->
  </suite> <!-- Default suite -->
</testng-results>
